║             TXADMIN║ ================================================================
║             TXADMIN║ ======== [12484] FXServer Starting - 31-1-2026 14:33:56         
║             TXADMIN║ ================================================================
[           resources] Scanning resources.
[           resources] Found 25 resources.
[          svadhesive] Authenticating server license key...
[          svadhesive] Server license key authentication succeeded. Welcome!
[    c-scripting-core] Creating script environments for monitor
[      script:monitor] [txAdmin] Resource v8.0.1 threads and commands set up. All Ready.
[           resources] Started resource monitor
[    c-scripting-core] Creating script environments for mapmanager
[           resources] Started resource mapmanager
[    c-scripting-core] Creating script environments for chat
[           resources] Started resource chat
[           resources] Started resource spawnmanager
[    c-scripting-core] Creating script environments for sessionmanager
[           resources] Started resource sessionmanager
[   script:mapmanager] Started gametype Freeroam
[           resources] Started resource basic-gamemode
[    c-scripting-core] Creating script environments for hardcap
[           resources] Started resource hardcap
[   script:mapmanager] Started map fivem-map-skater
[           resources] Started resource fivem-map-skater
[ citizen-server-impl]         fff                          
[ citizen-server-impl]   cccc ff   xx  xx     rr rr    eee  
[ citizen-server-impl] cc     ffff   xx       rrr  r ee   e 
[ citizen-server-impl] cc     ff     xx   ... rr     eeeee  
[ citizen-server-impl]  ccccc ff   xx  xx ... rr      eeeee 
[ citizen-server-impl]                                      
[ citizen-server-impl] Authenticated with cfx.re Nucleus: https://vegas-webber0-r7bek7.users.cfx.re/
[ citizen-server-impl] server thread hitch warning: timer interval of 153 milliseconds
[      script:hardcap] Connecting: Vegas
[ citizen-server-impl] Server list query returned an error: server request failed: server request failed for endpoint https://83.81.218.197:30120/dynamic.json (Get "https://83.81.218.197:30120/dynamic.json": context deadline exceeded (Client.Timeout exceeded while awaiting headers))
║       Vegas_Webber0║ admin Vegas
[                 cmd] No such command admin.
║       Vegas_Webber0║ admin
[                 cmd] No such command admin.
